SF:lib\data\datasources\tv_series_local_data_source.dart
DA:14,1
DA:17,1
DA:19,3
DA:22,2
DA:27,0
DA:29,0
DA:32,0
DA:37,0
DA:38,0
DA:40,0
DA:47,0
DA:48,0
DA:49,0
LF:13
LH:4
end_of_record
SF:lib\data\models\tv_series_table.dart
DA:10,2
DA:17,2
DA:18,1
DA:19,1
DA:20,1
DA:21,1
DA:24,0
DA:25,0
DA:26,0
DA:27,0
DA:28,0
DA:31,0
DA:32,0
DA:33,0
DA:34,0
DA:35,0
DA:38,2
DA:39,1
DA:40,1
DA:41,1
DA:42,1
DA:45,1
DA:46,5
LF:23
LH:13
end_of_record
SF:lib\domain\entities\genre.dart
DA:4,6
DA:12,2
DA:13,6
LF:3
LH:3
end_of_record
SF:lib\domain\entities\tv_series.dart
DA:6,11
DA:20,1
DA:39,6
DA:40,6
DA:41,6
DA:42,6
DA:43,6
DA:44,6
DA:45,6
DA:46,6
DA:47,6
DA:48,6
DA:49,6
DA:50,6
DA:51,6
LF:15
LH:15
end_of_record
SF:lib\domain\entities\tv_series_detail.dart
DA:5,6
DA:35,2
DA:36,2
DA:37,2
DA:38,2
DA:39,2
DA:40,2
DA:41,2
DA:42,2
DA:43,2
DA:44,2
DA:45,2
DA:46,2
DA:47,2
DA:48,2
DA:49,2
LF:16
LH:16
end_of_record
SF:lib\data\models\tv_series_detail_model.dart
DA:5,2
DA:45,1
DA:46,1
DA:47,1
DA:48,1
DA:49,1
DA:50,4
DA:51,1
DA:52,1
DA:53,1
DA:54,1
DA:55,1
DA:56,2
DA:57,1
DA:58,1
DA:59,1
DA:60,1
DA:61,1
DA:62,1
DA:63,1
DA:64,2
DA:65,1
DA:68,0
DA:69,0
DA:70,0
DA:71,0
DA:72,0
DA:73,0
DA:74,0
DA:75,0
DA:76,0
DA:77,0
DA:78,0
DA:79,0
DA:80,0
DA:81,0
DA:82,0
DA:83,0
DA:84,0
DA:85,0
DA:86,0
DA:89,1
DA:90,1
DA:91,1
DA:92,1
DA:93,5
DA:94,1
DA:95,1
DA:96,1
DA:97,1
DA:98,1
DA:99,1
DA:100,1
DA:101,1
DA:102,1
DA:103,1
DA:107,1
DA:108,1
DA:109,1
DA:110,1
DA:111,1
DA:112,1
DA:113,1
DA:114,1
DA:115,1
DA:116,1
DA:117,1
DA:118,1
DA:119,1
DA:120,1
DA:121,1
DA:122,1
DA:123,1
DA:124,1
DA:125,1
DA:126,1
LF:76
LH:57
end_of_record
SF:lib\data\datasources\tv_series_remote_data_source.dart
DA:24,1
DA:27,1
DA:29,5
DA:31,2
DA:32,4
DA:34,1
DA:39,1
DA:41,5
DA:43,2
DA:44,3
DA:46,1
DA:51,1
DA:52,2
DA:53,3
DA:55,2
DA:56,4
DA:58,1
DA:63,1
DA:65,5
DA:67,2
DA:68,4
DA:70,1
DA:75,1
DA:77,5
DA:79,2
DA:80,4
DA:82,1
DA:87,1
DA:88,2
DA:89,3
DA:91,2
DA:92,4
DA:94,1
LF:33
LH:33
end_of_record
SF:lib\data\datasources\db\database_tv_helper.dart
DA:7,0
DA:11,0
DA:15,0
DA:16,0
DA:22,0
DA:23,0
DA:24,0
DA:26,0
DA:30,0
DA:31,0
DA:38,0
DA:41,0
DA:42,0
DA:43,0
DA:46,0
DA:47,0
DA:48,0
DA:51,0
DA:55,0
DA:56,0
DA:57,0
DA:60,0
DA:63,0
DA:64,0
DA:70,0
DA:71,0
DA:72,0
LF:27
LH:0
end_of_record
SF:lib\data\models\genre_model.dart
DA:5,2
DA:13,2
DA:14,1
DA:15,1
DA:18,0
DA:19,0
DA:20,0
DA:23,1
DA:24,3
DA:27,1
DA:28,3
LF:11
LH:8
end_of_record
SF:lib\data\models\tv_series_model.dart
DA:5,4
DA:31,4
DA:32,2
DA:33,8
DA:34,2
DA:35,2
DA:36,2
DA:37,4
DA:38,2
DA:39,2
DA:40,2
DA:41,4
DA:42,2
DA:45,2
DA:46,1
DA:47,4
DA:48,1
DA:49,1
DA:50,1
DA:51,1
DA:52,1
DA:53,1
DA:54,1
DA:55,1
DA:56,1
DA:59,2
DA:60,2
DA:61,2
DA:62,2
DA:63,2
DA:64,2
DA:65,2
DA:66,2
DA:67,2
DA:68,2
DA:69,2
DA:70,2
DA:71,2
DA:75,2
DA:76,2
DA:77,2
DA:78,2
DA:79,2
DA:80,2
DA:81,2
DA:82,2
DA:83,2
DA:84,2
DA:85,2
DA:86,2
DA:87,2
LF:51
LH:51
end_of_record
SF:lib\data\models\tv_series_response.dart
DA:7,2
DA:9,4
DA:10,4
DA:11,6
DA:12,6
DA:15,2
DA:16,5
DA:19,1
DA:20,2
LF:9
LH:9
end_of_record
SF:lib\data\repositories\tv_series_repository_impl.dart
DA:11,1
DA:17,1
DA:19,3
DA:20,5
DA:21,1
DA:23,1
DA:29,1
DA:31,3
DA:32,5
DA:33,1
DA:35,1
DA:41,1
DA:43,3
DA:44,5
DA:45,1
DA:47,1
DA:53,1
DA:55,3
DA:56,2
DA:57,1
DA:59,1
DA:65,1
DA:68,3
DA:69,3
DA:70,1
DA:72,1
DA:78,1
DA:79,3
DA:80,5
DA:84,1
DA:85,3
DA:90,1
DA:93,2
DA:94,2
DA:95,1
DA:96,1
DA:97,3
DA:102,1
DA:104,2
DA:105,2
DA:106,1
DA:107,1
DA:108,3
DA:115,1
DA:117,3
DA:118,5
DA:119,1
DA:121,1
LF:48
LH:48
end_of_record
SF:lib\domain\usecases\get_now_playing_tv_series.dart
DA:8,1
DA:10,1
DA:11,2
LF:3
LH:3
end_of_record
SF:lib\domain\usecases\get_popular_tv_series.dart
DA:8,1
DA:10,1
DA:11,2
LF:3
LH:3
end_of_record
SF:lib\domain\usecases\get_top_rated_tv_series.dart
DA:8,1
DA:10,1
DA:11,2
LF:3
LH:3
end_of_record
SF:lib\domain\usecases\get_tv_series_detail.dart
DA:8,1
DA:10,1
DA:11,2
LF:3
LH:3
end_of_record
SF:lib\domain\usecases\get_tv_series_recommendations.dart
DA:8,1
DA:10,1
DA:11,2
LF:3
LH:3
end_of_record
SF:lib\domain\usecases\get_watchlist_status_tv_series.dart
DA:6,1
DA:8,1
DA:9,2
LF:3
LH:3
end_of_record
SF:lib\domain\usecases\get_watchlist_tv_series.dart
DA:8,1
DA:10,1
DA:11,2
LF:3
LH:3
end_of_record
SF:lib\domain\usecases\remove_watchlist_tv_series.dart
DA:8,1
DA:10,1
DA:11,2
LF:3
LH:3
end_of_record
SF:lib\domain\usecases\save_watchlist_tv_series.dart
DA:8,1
DA:10,1
DA:11,2
LF:3
LH:3
end_of_record
SF:lib\presentation\bloc\tv_series_detail_event.dart
DA:5,2
DA:7,0
DA:8,0
DA:14,2
DA:16,0
DA:17,0
DA:23,1
DA:25,0
DA:26,0
DA:32,1
DA:34,0
DA:35,0
DA:41,2
DA:43,0
DA:44,0
LF:15
LH:5
end_of_record
SF:lib\presentation\bloc\tv_series_detail_bloc.dart
DA:22,1
DA:28,2
DA:29,1
DA:30,1
DA:31,3
DA:32,4
DA:34,4
DA:36,1
DA:37,1
DA:38,3
DA:40,1
DA:43,1
DA:44,3
DA:50,1
DA:51,1
DA:52,3
DA:54,1
DA:57,1
DA:58,3
DA:68,1
DA:69,1
DA:71,4
DA:73,1
DA:74,5
DA:75,1
DA:76,3
DA:78,4
DA:81,1
DA:82,1
DA:84,4
DA:86,1
DA:87,5
DA:88,0
DA:89,0
DA:91,4
DA:94,1
DA:95,1
DA:97,4
DA:98,3
LF:39
LH:37
end_of_record
SF:lib\presentation\bloc\tv_series_detail_state.dart
DA:11,2
DA:20,2
DA:28,2
DA:29,1
DA:30,1
DA:31,1
DA:32,1
DA:33,2
DA:34,1
DA:38,2
DA:39,2
DA:41,2
DA:49,1
DA:50,1
DA:51,1
DA:52,1
DA:53,1
DA:54,1
DA:55,1
DA:56,1
LF:20
LH:20
end_of_record
SF:lib\presentation\bloc\tv_series_list_state.dart
DA:5,1
DA:7,1
DA:8,1
DA:18,1
DA:20,1
DA:21,2
DA:27,1
DA:29,1
DA:30,2
LF:9
LH:9
end_of_record
SF:lib\presentation\bloc\tv_series_list_event.dart
DA:5,1
DA:7,0
DA:8,0
DA:12,0
DA:13,0
LF:5
LH:1
end_of_record
SF:lib\presentation\bloc\tv_series_list_bloc.dart
DA:13,3
DA:14,2
DA:15,2
DA:16,3
DA:18,1
DA:19,4
DA:20,3
LF:7
LH:7
end_of_record
SF:lib\presentation\bloc\tv_series_popular_event.dart
DA:5,3
DA:7,0
DA:8,0
DA:12,0
DA:13,0
LF:5
LH:1
end_of_record
SF:lib\presentation\bloc\tv_series_popular_state.dart
DA:5,3
DA:7,2
DA:8,2
DA:18,3
DA:20,2
DA:21,4
DA:27,3
DA:29,2
DA:30,4
LF:9
LH:9
end_of_record
SF:lib\presentation\bloc\tv_series_popular_bloc.dart
DA:13,6
DA:14,4
DA:15,4
DA:16,6
DA:18,2
DA:19,8
DA:20,6
LF:7
LH:7
end_of_record
SF:lib\presentation\bloc\tv_series_top_rated_state.dart
DA:5,3
DA:7,2
DA:8,2
DA:18,3
DA:20,2
DA:21,4
DA:27,3
DA:29,2
DA:30,4
LF:9
LH:9
end_of_record
SF:lib\presentation\bloc\tv_series_top_rated_bloc.dart
DA:13,6
DA:14,4
DA:15,4
DA:16,6
DA:18,2
DA:19,8
DA:20,6
LF:7
LH:7
end_of_record
SF:lib\presentation\bloc\tv_series_top_rated_event.dart
DA:5,3
DA:7,0
DA:8,0
DA:12,0
DA:13,0
LF:5
LH:1
end_of_record
SF:lib\presentation\bloc\watchlist_tv_series_event.dart
DA:5,1
DA:7,0
DA:8,0
DA:12,0
DA:13,0
LF:5
LH:1
end_of_record
SF:lib\presentation\bloc\watchlist_tv_series_state.dart
DA:5,1
DA:7,1
DA:8,1
DA:18,1
DA:20,1
DA:21,2
DA:27,1
DA:29,1
DA:30,2
LF:9
LH:9
end_of_record
SF:lib\presentation\bloc\watchlist_tv_series_bloc.dart
DA:13,3
DA:14,2
DA:15,2
DA:16,3
DA:18,1
DA:19,4
DA:20,3
LF:7
LH:7
end_of_record
SF:lib\presentation\pages\home_tv_series_page.dart
DA:10,0
DA:11,0
DA:15,0
DA:17,0
DA:18,0
DA:19,0
DA:20,0
DA:23,0
DA:25,0
DA:26,0
DA:28,0
DA:29,0
DA:31,0
DA:32,0
DA:34,0
DA:36,0
DA:37,0
DA:38,0
DA:42,0
DA:43,0
DA:44,0
DA:45,0
DA:46,0
DA:47,0
DA:48,0
DA:55,0
DA:57,0
DA:58,0
DA:60,0
DA:61,0
DA:62,0
DA:66,0
DA:67,0
DA:68,0
DA:69,0
DA:70,0
DA:71,0
DA:72,0
DA:79,0
DA:81,0
DA:82,0
DA:84,0
DA:85,0
DA:86,0
DA:90,0
DA:91,0
DA:92,0
DA:93,0
DA:94,0
DA:95,0
DA:96,0
DA:110,0
DA:111,0
DA:113,0
DA:114,0
DA:116,0
DA:118,0
DA:120,0
DA:122,0
DA:135,0
DA:137,0
DA:139,0
DA:141,0
DA:143,0
DA:144,0
DA:145,0
DA:147,0
DA:148,0
DA:149,0
DA:152,0
DA:155,0
DA:157,0
DA:158,0
DA:159,0
DA:162,0
DA:168,0
LF:76
LH:0
end_of_record
SF:lib\presentation\pages\popular_tv_series_page.dart
DA:10,1
DA:11,1
DA:15,1
DA:17,1
DA:18,4
DA:21,1
DA:23,1
DA:24,1
DA:27,1
DA:29,1
DA:30,1
DA:31,1
DA:35,1
DA:36,1
DA:37,1
DA:38,1
DA:39,1
DA:40,1
DA:42,1
DA:44,1
DA:45,1
DA:46,1
DA:47,2
DA:49,1
LF:24
LH:24
end_of_record
SF:lib\presentation\pages\top_rated_tv_series_page.dart
DA:10,1
DA:11,1
DA:15,1
DA:17,1
DA:18,4
DA:21,1
DA:23,1
DA:24,1
DA:27,1
DA:29,1
DA:30,1
DA:31,1
DA:35,1
DA:36,1
DA:37,1
DA:38,1
DA:39,1
DA:40,1
DA:42,1
DA:44,1
DA:45,1
DA:46,1
DA:47,2
DA:49,1
LF:24
LH:24
end_of_record
SF:lib\presentation\pages\tv_series_detail_page.dart
DA:15,1
DA:17,1
DA:18,1
DA:22,1
DA:24,1
DA:25,6
DA:26,6
DA:29,1
DA:31,1
DA:32,1
DA:33,0
DA:34,0
DA:35,0
DA:37,0
DA:38,0
DA:41,0
DA:43,0
DA:44,0
DA:49,0
DA:50,0
DA:51,0
DA:52,1
DA:53,2
DA:57,2
DA:58,3
DA:59,1
DA:60,1
DA:61,1
DA:63,1
DA:64,1
DA:67,0
DA:68,0
DA:69,0
DA:70,0
DA:74,0
DA:87,1
DA:90,1
DA:92,3
DA:93,1
DA:94,1
DA:95,1
DA:96,3
DA:98,1
DA:101,0
DA:103,1
DA:105,1
DA:106,1
DA:107,1
DA:117,1
DA:118,1
DA:119,1
DA:121,1
DA:123,1
DA:125,1
DA:126,1
DA:127,2
DA:128,1
DA:130,1
DA:131,0
DA:132,0
DA:133,0
DA:134,0
DA:137,0
DA:138,0
DA:142,1
DA:144,1
DA:145,1
DA:152,1
DA:153,3
DA:155,1
DA:156,1
DA:157,1
DA:158,3
DA:161,1
DA:162,3
DA:166,1
DA:167,1
DA:168,1
DA:169,3
DA:171,1
DA:177,4
DA:181,1
DA:183,1
DA:185,1
DA:186,2
DA:189,1
DA:191,1
DA:193,1
DA:195,1
DA:197,1
DA:198,2
DA:199,1
DA:201,1
DA:202,0
DA:203,0
DA:206,0
DA:209,1
DA:213,1
DA:215,2
DA:216,1
DA:220,0
DA:227,2
DA:234,1
DA:236,1
DA:251,1
DA:253,1
DA:256,1
DA:258,0
DA:259,0
DA:268,1
DA:270,2
DA:271,3
DA:274,1
DA:278,3
DA:281,1
DA:282,1
DA:285,1
DA:286,1
LF:118
LH:89
end_of_record
SF:lib\presentation\pages\watchlist_tv_series.dart
DA:6,0
DA:8,0
DA:10,0
DA:12,0
DA:14,0
DA:15,0
DA:16,0
DA:20,0
DA:21,0
DA:22,0
DA:23,0
DA:24,0
DA:25,0
DA:27,0
DA:29,0
DA:30,0
DA:31,0
DA:32,0
DA:35,0
LF:19
LH:0
end_of_record
SF:lib\presentation\widgets\tv_series_card_list.dart
DA:11,2
DA:13,2
DA:15,2
DA:17,2
DA:18,0
DA:19,0
DA:22,0
DA:25,2
DA:27,2
DA:28,2
DA:29,2
DA:35,2
DA:37,2
DA:38,2
DA:39,4
DA:42,2
DA:45,2
DA:46,4
DA:54,2
DA:59,2
DA:61,2
DA:62,6
DA:64,2
DA:67,0
LF:24
LH:20
end_of_record
