SF:lib\data\datasource\movie_local_data_source.dart
DA:16,1
DA:19,1
DA:21,3
DA:24,2
DA:29,1
DA:31,3
DA:34,2
DA:39,1
DA:40,3
DA:42,1
DA:49,1
DA:50,3
DA:51,4
DA:55,1
DA:56,3
DA:57,3
DA:61,1
DA:62,3
DA:63,1
DA:64,4
DA:66,1
LF:21
LH:21
end_of_record
SF:lib\domain\entities\genre.dart
DA:4,6
DA:12,2
DA:13,6
LF:3
LH:3
end_of_record
SF:lib\data\models\movie_detail_model.dart
DA:7,2
DA:53,1
DA:54,1
DA:55,1
DA:56,1
DA:57,1
DA:58,1
DA:59,4
DA:60,1
DA:61,1
DA:62,1
DA:63,1
DA:64,1
DA:65,1
DA:66,2
DA:67,1
DA:68,1
DA:69,1
DA:70,1
DA:71,1
DA:72,1
DA:73,1
DA:74,1
DA:75,2
DA:76,1
DA:79,0
DA:80,0
DA:81,0
DA:82,0
DA:83,0
DA:84,0
DA:85,0
DA:86,0
DA:87,0
DA:88,0
DA:89,0
DA:90,0
DA:91,0
DA:92,0
DA:93,0
DA:94,0
DA:95,0
DA:96,0
DA:97,0
DA:98,0
DA:99,0
DA:100,0
DA:103,1
DA:104,1
DA:105,1
DA:106,1
DA:107,5
DA:108,1
DA:109,1
DA:110,1
DA:111,1
DA:112,1
DA:113,1
DA:114,1
DA:115,1
DA:116,1
DA:120,1
DA:121,1
DA:122,1
DA:123,1
DA:124,1
DA:125,1
DA:126,1
DA:127,1
DA:128,1
DA:129,1
DA:130,1
DA:131,1
DA:132,1
DA:133,1
DA:134,1
DA:135,1
DA:136,1
DA:137,1
DA:138,1
DA:139,1
DA:140,1
DA:141,1
DA:142,1
LF:84
LH:62
end_of_record
SF:lib\data\datasource\movie_remote_data_source.dart
DA:24,1
DA:27,1
DA:29,5
DA:31,2
DA:32,4
DA:34,1
DA:39,1
DA:41,5
DA:43,2
DA:44,3
DA:46,1
DA:51,1
DA:52,2
DA:53,3
DA:55,2
DA:56,4
DA:58,1
DA:63,1
DA:65,5
DA:67,2
DA:68,4
DA:70,1
DA:75,1
DA:77,5
DA:79,2
DA:80,4
DA:82,1
DA:87,1
DA:88,2
DA:89,3
DA:91,2
DA:92,4
DA:94,1
LF:33
LH:33
end_of_record
SF:lib\data\datasource\db\database_helper.dart
DA:9,0
DA:13,0
DA:17,0
DA:18,0
DA:25,0
DA:26,0
DA:27,0
DA:29,0
DA:33,0
DA:34,0
DA:41,0
DA:42,0
DA:50,0
DA:53,0
DA:55,0
DA:56,0
DA:57,0
DA:58,0
DA:59,0
DA:60,0
DA:65,0
DA:66,0
DA:67,0
DA:70,0
DA:76,0
DA:77,0
DA:78,0
DA:81,0
DA:85,0
DA:86,0
DA:87,0
DA:90,0
DA:91,0
DA:92,0
DA:95,0
DA:99,0
DA:100,0
DA:101,0
DA:104,0
DA:107,0
DA:108,0
DA:114,0
DA:115,0
DA:116,0
LF:44
LH:0
end_of_record
SF:lib\data\models\genre_model.dart
DA:5,2
DA:13,2
DA:14,1
DA:15,1
DA:18,0
DA:19,0
DA:20,0
DA:23,1
DA:24,3
DA:27,1
DA:28,3
LF:11
LH:8
end_of_record
SF:lib\data\models\movie_model.dart
DA:6,4
DA:36,4
DA:37,2
DA:38,2
DA:39,8
DA:40,2
DA:41,2
DA:42,2
DA:43,4
DA:44,2
DA:45,2
DA:46,2
DA:47,2
DA:48,4
DA:49,2
DA:52,2
DA:53,1
DA:54,1
DA:55,4
DA:56,1
DA:57,1
DA:58,1
DA:59,1
DA:60,1
DA:61,1
DA:62,1
DA:63,1
DA:64,1
DA:65,1
DA:68,2
DA:69,2
DA:70,2
DA:71,2
DA:72,2
DA:73,2
DA:74,2
DA:75,2
DA:76,2
DA:77,2
DA:78,2
DA:79,2
DA:80,2
DA:81,2
DA:82,2
DA:86,2
DA:87,2
DA:88,2
DA:89,2
DA:90,2
DA:91,2
DA:92,2
DA:93,2
DA:94,2
DA:95,2
DA:96,2
DA:97,2
DA:98,2
DA:99,2
DA:100,2
LF:59
LH:59
end_of_record
SF:lib\domain\entities\movie.dart
DA:6,11
DA:22,1
DA:43,7
DA:44,7
DA:45,7
DA:46,7
DA:47,7
DA:48,7
DA:49,7
DA:50,7
DA:51,7
DA:52,7
DA:53,7
DA:54,7
DA:55,7
DA:56,7
DA:57,7
LF:17
LH:17
end_of_record
SF:lib\data\models\movie_response.dart
DA:7,2
DA:9,4
DA:10,4
DA:11,6
DA:12,6
DA:15,2
DA:16,5
DA:19,1
DA:20,2
LF:9
LH:9
end_of_record
SF:lib\data\models\movie_table.dart
DA:13,2
DA:20,2
DA:21,1
DA:22,1
DA:23,1
DA:24,1
DA:27,2
DA:28,1
DA:29,1
DA:30,1
DA:31,1
DA:34,2
DA:35,1
DA:36,1
DA:37,1
DA:38,1
DA:41,0
DA:42,0
DA:43,0
DA:44,0
DA:45,0
DA:48,2
DA:49,1
DA:50,1
DA:51,1
DA:52,1
DA:55,2
DA:56,10
LF:28
LH:23
end_of_record
SF:lib\domain\entities\movie_detail.dart
DA:5,6
DA:33,2
DA:34,2
DA:35,2
DA:36,2
DA:37,2
DA:38,2
DA:39,2
DA:40,2
DA:41,2
DA:42,2
DA:43,2
DA:44,2
DA:45,2
LF:14
LH:14
end_of_record
SF:lib\data\repositories\movie_repository_impl.dart
DA:12,1
DA:19,1
DA:20,3
DA:22,3
DA:23,2
DA:24,4
DA:25,5
DA:26,1
DA:31,3
DA:32,5
DA:33,1
DA:34,3
DA:40,1
DA:42,3
DA:43,2
DA:44,1
DA:46,1
DA:52,1
DA:54,3
DA:55,3
DA:56,1
DA:58,1
DA:64,1
DA:66,3
DA:67,5
DA:68,1
DA:70,1
DA:76,1
DA:78,3
DA:79,5
DA:80,1
DA:82,1
DA:88,1
DA:90,3
DA:91,5
DA:92,1
DA:94,1
DA:100,1
DA:103,4
DA:104,1
DA:105,1
DA:106,3
DA:113,1
DA:116,4
DA:117,1
DA:118,1
DA:119,3
DA:124,1
DA:125,3
DA:130,1
DA:131,3
DA:132,5
LF:52
LH:52
end_of_record
SF:lib\domain\usecases\get_movie_detail.dart
DA:9,1
DA:11,1
DA:12,2
LF:3
LH:3
end_of_record
SF:lib\domain\usecases\get_movie_recommendations.dart
DA:8,1
DA:10,1
DA:11,2
LF:3
LH:3
end_of_record
SF:lib\domain\usecases\get_now_playing_movies.dart
DA:8,1
DA:10,1
DA:11,2
LF:3
LH:3
end_of_record
SF:lib\domain\usecases\get_popular_movies.dart
DA:8,1
DA:10,1
DA:11,2
LF:3
LH:3
end_of_record
SF:lib\domain\usecases\get_top_rated_movies.dart
DA:8,1
DA:10,1
DA:11,2
LF:3
LH:3
end_of_record
SF:lib\domain\usecases\get_watchlist_movies.dart
DA:8,1
DA:10,1
DA:11,2
LF:3
LH:3
end_of_record
SF:lib\domain\usecases\get_watchlist_status.dart
DA:6,1
DA:8,1
DA:9,2
LF:3
LH:3
end_of_record
SF:lib\domain\usecases\remove_watchlist.dart
DA:9,1
DA:11,1
DA:12,2
LF:3
LH:3
end_of_record
SF:lib\domain\usecases\save_watchlist.dart
DA:9,1
DA:11,1
DA:12,2
LF:3
LH:3
end_of_record
SF:lib\presentation\bloc\movie_list_bloc.dart
DA:13,3
DA:14,2
DA:15,2
DA:16,3
DA:18,1
DA:19,4
DA:20,3
LF:7
LH:7
end_of_record
SF:lib\presentation\bloc\movie_list_state.dart
DA:5,1
DA:7,1
DA:8,1
DA:18,1
DA:20,1
DA:21,2
DA:27,1
DA:29,1
DA:30,2
LF:9
LH:9
end_of_record
SF:lib\presentation\bloc\movie_list_event.dart
DA:5,1
DA:7,0
DA:8,0
DA:12,0
DA:13,0
LF:5
LH:1
end_of_record
SF:lib\presentation\bloc\movie_popular_state.dart
DA:5,3
DA:7,2
DA:8,2
DA:18,2
DA:20,2
DA:21,4
DA:27,3
DA:29,2
DA:30,4
LF:9
LH:9
end_of_record
SF:lib\presentation\bloc\movie_popular_event.dart
DA:5,3
DA:7,0
DA:8,0
DA:12,0
DA:13,0
LF:5
LH:1
end_of_record
SF:lib\presentation\bloc\movie_popular_bloc.dart
DA:13,6
DA:14,4
DA:15,4
DA:16,6
DA:18,2
DA:19,8
DA:20,6
LF:7
LH:7
end_of_record
SF:lib\presentation\bloc\movie_top_rated_state.dart
DA:5,3
DA:7,2
DA:8,2
DA:18,2
DA:20,2
DA:21,4
DA:27,3
DA:29,2
DA:30,4
LF:9
LH:9
end_of_record
SF:lib\presentation\bloc\movie_top_rated_bloc.dart
DA:13,6
DA:14,4
DA:15,4
DA:16,6
DA:18,2
DA:19,8
DA:20,6
LF:7
LH:7
end_of_record
SF:lib\presentation\bloc\movie_top_rated_event.dart
DA:5,3
DA:7,0
DA:8,0
DA:12,0
DA:13,0
LF:5
LH:1
end_of_record
SF:lib\presentation\pages\home_movie_page.dart
DA:11,0
DA:12,0
DA:16,0
DA:18,0
DA:19,0
DA:20,0
DA:21,0
DA:24,0
DA:26,0
DA:27,0
DA:29,0
DA:30,0
DA:32,0
DA:33,0
DA:35,0
DA:37,0
DA:38,0
DA:39,0
DA:43,0
DA:44,0
DA:45,0
DA:46,0
DA:47,0
DA:48,0
DA:49,0
DA:57,0
DA:59,0
DA:60,0
DA:62,0
DA:63,0
DA:64,0
DA:68,0
DA:69,0
DA:70,0
DA:71,0
DA:72,0
DA:73,0
DA:74,0
DA:82,0
DA:84,0
DA:85,0
DA:87,0
DA:88,0
DA:89,0
DA:93,0
DA:94,0
DA:95,0
DA:96,0
DA:97,0
DA:98,0
DA:99,0
DA:114,0
DA:115,0
DA:117,0
DA:118,0
DA:120,0
DA:122,0
DA:124,0
DA:126,0
DA:139,0
DA:141,0
DA:143,0
DA:145,0
DA:147,0
DA:148,0
DA:149,0
DA:151,0
DA:152,0
DA:153,0
DA:156,0
DA:159,0
DA:161,0
DA:162,0
DA:163,0
DA:166,0
DA:172,0
LF:76
LH:0
end_of_record
SF:lib\presentation\pages\movie_detail_page.dart
DA:16,1
DA:18,1
DA:19,1
DA:23,1
DA:25,1
DA:26,6
DA:27,6
DA:30,1
DA:32,1
DA:33,1
DA:34,0
DA:35,0
DA:36,0
DA:37,0
DA:38,0
DA:41,0
DA:43,0
DA:44,0
DA:45,0
DA:51,0
DA:52,0
DA:53,0
DA:54,1
DA:55,2
DA:59,2
DA:60,3
DA:61,1
DA:62,1
DA:63,1
DA:65,1
DA:66,1
DA:69,0
DA:70,0
DA:71,0
DA:72,0
DA:89,1
DA:91,1
DA:93,3
DA:94,1
DA:95,1
DA:96,1
DA:97,3
DA:99,1
DA:102,0
DA:104,1
DA:106,1
DA:107,1
DA:108,1
DA:118,1
DA:119,1
DA:120,1
DA:122,1
DA:124,1
DA:126,1
DA:127,1
DA:128,2
DA:129,1
DA:131,1
DA:132,0
DA:133,0
DA:134,0
DA:135,0
DA:138,0
DA:139,0
DA:143,1
DA:145,1
DA:146,1
DA:153,1
DA:154,3
DA:156,1
DA:157,3
DA:159,1
DA:160,1
DA:161,1
DA:162,3
DA:164,1
DA:170,4
DA:174,1
DA:176,1
DA:178,1
DA:179,2
DA:182,1
DA:184,1
DA:186,1
DA:188,1
DA:190,1
DA:191,2
DA:192,1
DA:194,1
DA:195,0
DA:196,0
DA:199,0
DA:202,1
DA:206,1
DA:208,2
DA:209,1
DA:213,0
DA:220,2
DA:227,1
DA:229,1
DA:244,1
DA:246,1
DA:249,1
DA:251,0
DA:252,0
DA:261,1
DA:263,2
DA:264,3
DA:267,1
DA:271,3
DA:274,1
DA:275,1
DA:276,1
DA:278,1
DA:279,1
DA:281,0
LF:116
LH:86
end_of_record
SF:lib\presentation\pages\popular_movies_page.dart
DA:10,1
DA:11,1
DA:15,1
DA:17,1
DA:18,4
DA:21,1
DA:23,1
DA:24,1
DA:27,1
DA:29,1
DA:30,1
DA:31,1
DA:35,1
DA:36,1
DA:37,1
DA:38,1
DA:39,1
DA:40,1
DA:42,1
DA:44,1
DA:45,0
DA:46,0
DA:47,0
DA:50,1
LF:24
LH:21
end_of_record
SF:lib\presentation\pages\top_rated_movies_page.dart
DA:10,1
DA:11,1
DA:15,1
DA:17,1
DA:18,4
DA:21,1
DA:23,1
DA:24,1
DA:27,1
DA:29,1
DA:30,1
DA:31,1
DA:35,1
DA:36,1
DA:37,1
DA:38,1
DA:39,1
DA:40,1
DA:42,1
DA:44,1
DA:45,0
DA:46,0
DA:47,0
DA:50,1
LF:24
LH:21
end_of_record
SF:lib\presentation\pages\watchlist_movies.dart
DA:7,0
DA:9,0
DA:11,0
DA:13,0
DA:15,0
DA:16,0
DA:17,0
DA:21,0
DA:22,0
DA:23,0
DA:24,0
DA:25,0
DA:26,0
DA:28,0
DA:30,0
DA:31,0
DA:32,0
DA:33,0
DA:36,0
LF:19
LH:0
end_of_record
SF:lib\presentation\widgets\movie_card_list.dart
DA:11,2
DA:13,2
DA:15,2
DA:17,2
DA:18,0
DA:19,0
DA:22,0
DA:25,2
DA:27,2
DA:28,2
DA:29,2
DA:35,2
DA:37,2
DA:38,2
DA:39,4
DA:42,2
DA:45,2
DA:46,4
DA:54,2
DA:59,2
DA:61,2
DA:62,6
DA:64,2
DA:67,0
LF:24
LH:20
end_of_record
SF:lib\presentation\bloc\movie_detail_event.dart
DA:5,2
DA:7,0
DA:8,0
DA:14,2
DA:16,0
DA:17,0
DA:23,1
DA:25,0
DA:26,0
DA:32,1
DA:34,0
DA:35,0
DA:41,2
DA:43,0
DA:44,0
LF:15
LH:5
end_of_record
SF:lib\presentation\bloc\movie_detail_state.dart
DA:11,2
DA:20,2
DA:28,2
DA:29,1
DA:30,1
DA:31,1
DA:32,1
DA:33,2
DA:34,1
DA:38,2
DA:39,2
DA:41,2
DA:49,1
DA:50,1
DA:51,1
DA:52,1
DA:53,1
DA:54,1
DA:55,1
DA:56,1
LF:20
LH:20
end_of_record
SF:lib\presentation\bloc\movie_detail_bloc.dart
DA:21,1
DA:27,2
DA:28,1
DA:29,1
DA:30,3
DA:31,4
DA:33,4
DA:35,1
DA:36,1
DA:37,3
DA:39,1
DA:42,1
DA:43,3
DA:49,1
DA:50,1
DA:51,3
DA:53,1
DA:56,1
DA:57,3
DA:68,1
DA:69,1
DA:70,4
DA:72,1
DA:73,5
DA:74,1
DA:75,3
DA:77,4
DA:80,1
DA:81,1
DA:83,4
DA:85,1
DA:86,5
DA:87,0
DA:88,0
DA:90,4
DA:93,1
DA:94,1
DA:95,4
DA:96,3
LF:39
LH:37
end_of_record
SF:lib\presentation\bloc\watchlist_movies_bloc.dart
DA:14,3
DA:15,2
DA:16,2
DA:17,3
DA:19,1
DA:20,4
DA:21,3
LF:7
LH:7
end_of_record
SF:lib\presentation\bloc\watchlist_movies_state.dart
DA:5,1
DA:7,1
DA:8,1
DA:18,1
DA:20,1
DA:21,2
DA:27,1
DA:29,1
DA:30,2
LF:9
LH:9
end_of_record
SF:lib\presentation\bloc\watchlist_movies_event.dart
DA:5,1
DA:7,0
DA:8,0
DA:12,0
DA:13,0
LF:5
LH:1
end_of_record
